[2020-10-21 09:13:35] [INFO] Read config:casefile/config.ini
[2020-10-21 09:13:35] [INFO] Read File:casefile\Case_ruirenyun.xls
[2020-10-21 09:13:36] [INFO] Start Test
[2020-10-21 09:13:36] [INFO] Read config:casefile\config.ini
[2020-10-21 09:13:36] [INFO] Read File:casefile\Case_ruirenyun.xls
[2020-10-21 09:13:36] [INFO] Read File:casefile\Element_ruirenyun.xls
[2020-10-21 09:13:45] [INFO] Start Case:搜索订货单
[2020-10-21 09:13:45] [INFO] 行号:2 参数赋值:status = 待出库
[2020-10-21 09:13:45] [INFO] 行号:2 参数赋值:syncstatus = 同步失败
[2020-10-21 09:13:45] [INFO] 行号:2 参数赋值:dueMoneyPayStatus = 未支付
[2020-10-21 09:13:46] [INFO] 行号:3 打开网址:  https://www.faceo2o.com/login/Account2?t=1 
[2020-10-21 09:13:46] [INFO] 行号:4 输入:登录页面-文本框 企业编号 17439 
[2020-10-21 09:13:46] [INFO] 行号:5 输入:登录页面-文本框 姓名/手机/登录名 陶鹏 
[2020-10-21 09:13:46] [INFO] 行号:6 输入:登录页面-文本框 密码 taopeng123 
[2020-10-21 09:13:47] [INFO] 行号:7 点击:登录页面-登录按钮   
[2020-10-21 09:13:49] [INFO] Auto Wait:0.5
[2020-10-21 09:13:49] [INFO] 行号:8 鼠标移至:企业首页-一级导航 应用  
[2020-10-21 09:13:50] [INFO] 行号:9 点击:企业首页-二级导航 互动订货  
[2020-10-21 09:13:54] [INFO] 行号:10 鼠标移至:订货-一级导航 订货  
[2020-10-21 09:13:55] [INFO] 行号:11 点击:订货-二级导航 订货单  
[2020-10-21 09:13:55] [INFO] 行号:12 文本下拉选择:订货-下拉选项 订货单状态 待出库 
[2020-10-21 09:13:55] [INFO] 行号:13 文本下拉选择:订货-下拉选项 同步状态 同步失败 
[2020-10-21 09:13:55] [INFO] 行号:14 文本下拉选择:订货-下拉选项 付款状态 未支付 
[2020-10-21 09:13:55] [INFO] 行号:15 校验元素存在:搜索条件展示
[2020-10-21 09:13:55] [INFO] 行号:15 Assert:True == True
[2020-10-21 09:13:56] [INFO] 行号:16 点击:搜索按钮   
[2020-10-21 09:13:56] [INFO] 行号:17 获取文本:列表-字段值 状态  待出库
[2020-10-21 09:13:56] [INFO] 行号:17 参数赋值:gstatus = 待出库
[2020-10-21 09:13:56] [INFO] 行号:17 Assert:待出库 == 待出库
[2020-10-21 09:13:56] [INFO] 行号:18 获取文本:列表-字段值 同步状态  同步失败
[2020-10-21 09:13:56] [INFO] 行号:18 参数赋值:gsyncstatus = 同步失败
[2020-10-21 09:13:56] [INFO] 行号:18 Assert:同步失败 == 同步失败
[2020-10-21 09:13:56] [INFO] 行号:19 获取文本:列表-字段值 支付状态  未支付
[2020-10-21 09:13:56] [INFO] 行号:19 参数赋值:gdueMoneyPayStatus = 未支付
[2020-10-21 09:13:56] [INFO] 行号:19 Assert:未支付 == 未支付
